2026-01-20 14:12:07,540 [Worker-2: Loading available Gradle versions] INFO  o.e.b.c.i.u.g.PublishedGradleVersions - Gradle version information cache is not available. Remote download required.
2026-01-20 14:15:03,151 [Worker-7: Loading available Gradle versions] INFO  o.e.b.c.i.u.g.PublishedGradleVersions - Gradle version information cache is up-to-date. Trying to read.
2026-01-24 17:16:11,450 [Worker-6: Loading available Gradle versions] INFO  o.e.b.c.i.u.g.PublishedGradleVersions - Gradle version information cache is out-of-date. Trying to update.
2026-01-27 08:30:14,434 [Worker-1: Loading available Gradle versions] INFO  o.e.b.c.i.u.g.PublishedGradleVersions - Gradle version information cache is out-of-date. Trying to update.
2026-01-30 14:40:21,484 [Worker-9: Loading available Gradle versions] INFO  o.e.b.c.i.u.g.PublishedGradleVersions - Gradle version information cache is out-of-date. Trying to update.
2026-01-31 15:58:46,862 [Worker-5: Loading available Gradle versions] INFO  o.e.b.c.i.u.g.PublishedGradleVersions - Gradle version information cache is out-of-date. Trying to update.
2026-01-31 16:03:48,865 [Worker-10: Loading available Gradle versions] INFO  o.e.b.c.i.u.g.PublishedGradleVersions - Gradle version information cache is up-to-date. Trying to read.
2026-02-06 15:29:27,483 [Worker-7: Loading available Gradle versions] INFO  o.e.b.c.i.u.g.PublishedGradleVersions - Gradle version information cache is out-of-date. Trying to update.
2026-02-06 15:30:23,370 [JGit-FileStoreAttributeWriter-1] ERROR o.e.j.i.storage.file.LockFile - Creating lock file /Users/akhmedi/.config/jgit/config.lock failed
java.io.IOException: Creating directories for /Users/akhmedi/.config/jgit failed
	at org.eclipse.jgit.util.FileUtils.mkdirs(FileUtils.java:421)
	at org.eclipse.jgit.internal.storage.file.LockFile.createLockFile(LockFile.java:172)
	at org.eclipse.jgit.internal.storage.file.LockFile.createLockFileWithRetry(LockFile.java:165)
	at org.eclipse.jgit.internal.storage.file.LockFile.lock(LockFile.java:146)
	at org.eclipse.jgit.storage.file.FileBasedConfig.save(FileBasedConfig.java:201)
	at org.eclipse.jgit.util.FS$FileStoreAttributes.saveToConfig(FS.java:761)
	at org.eclipse.jgit.util.FS$FileStoreAttributes.lambda$4(FS.java:433)
	at java.base/java.util.concurrent.ThreadPoolExecutor.runWorker(ThreadPoolExecutor.java:1144)
	at java.base/java.util.concurrent.ThreadPoolExecutor$Worker.run(ThreadPoolExecutor.java:642)
	at java.base/java.lang.Thread.run(Thread.java:1583)
2026-02-06 15:30:23,373 [JGit-FileStoreAttributeWriter-1] ERROR org.eclipse.jgit.util.FS - Cannot save config file 'FileBasedConfig[/Users/akhmedi/.config/jgit/config]'
java.io.IOException: Creating directories for /Users/akhmedi/.config/jgit failed
	at org.eclipse.jgit.util.FileUtils.mkdirs(FileUtils.java:421)
	at org.eclipse.jgit.internal.storage.file.LockFile.createLockFile(LockFile.java:172)
	at org.eclipse.jgit.internal.storage.file.LockFile.createLockFileWithRetry(LockFile.java:165)
	at org.eclipse.jgit.internal.storage.file.LockFile.lock(LockFile.java:146)
	at org.eclipse.jgit.storage.file.FileBasedConfig.save(FileBasedConfig.java:201)
	at org.eclipse.jgit.util.FS$FileStoreAttributes.saveToConfig(FS.java:761)
	at org.eclipse.jgit.util.FS$FileStoreAttributes.lambda$4(FS.java:433)
	at java.base/java.util.concurrent.ThreadPoolExecutor.runWorker(ThreadPoolExecutor.java:1144)
	at java.base/java.util.concurrent.ThreadPoolExecutor$Worker.run(ThreadPoolExecutor.java:642)
	at java.base/java.lang.Thread.run(Thread.java:1583)
2026-02-06 18:35:04,724 [Worker-8: Loading available Gradle versions] INFO  o.e.b.c.i.u.g.PublishedGradleVersions - Gradle version information cache is up-to-date. Trying to read.
2026-02-06 18:35:07,853 [JGit-FileStoreAttributeWriter-1] ERROR o.e.j.i.storage.file.LockFile - Creating lock file /Users/akhmedi/.config/jgit/config.lock failed
java.io.IOException: Creating directories for /Users/akhmedi/.config/jgit failed
	at org.eclipse.jgit.util.FileUtils.mkdirs(FileUtils.java:421)
	at org.eclipse.jgit.internal.storage.file.LockFile.createLockFile(LockFile.java:172)
	at org.eclipse.jgit.internal.storage.file.LockFile.createLockFileWithRetry(LockFile.java:165)
	at org.eclipse.jgit.internal.storage.file.LockFile.lock(LockFile.java:146)
	at org.eclipse.jgit.storage.file.FileBasedConfig.save(FileBasedConfig.java:201)
	at org.eclipse.jgit.util.FS$FileStoreAttributes.saveToConfig(FS.java:761)
	at org.eclipse.jgit.util.FS$FileStoreAttributes.lambda$4(FS.java:433)
	at java.base/java.util.concurrent.ThreadPoolExecutor.runWorker(ThreadPoolExecutor.java:1144)
	at java.base/java.util.concurrent.ThreadPoolExecutor$Worker.run(ThreadPoolExecutor.java:642)
	at java.base/java.lang.Thread.run(Thread.java:1583)
2026-02-06 18:35:07,856 [JGit-FileStoreAttributeWriter-1] ERROR org.eclipse.jgit.util.FS - Cannot save config file 'FileBasedConfig[/Users/akhmedi/.config/jgit/config]'
java.io.IOException: Creating directories for /Users/akhmedi/.config/jgit failed
	at org.eclipse.jgit.util.FileUtils.mkdirs(FileUtils.java:421)
	at org.eclipse.jgit.internal.storage.file.LockFile.createLockFile(LockFile.java:172)
	at org.eclipse.jgit.internal.storage.file.LockFile.createLockFileWithRetry(LockFile.java:165)
	at org.eclipse.jgit.internal.storage.file.LockFile.lock(LockFile.java:146)
	at org.eclipse.jgit.storage.file.FileBasedConfig.save(FileBasedConfig.java:201)
	at org.eclipse.jgit.util.FS$FileStoreAttributes.saveToConfig(FS.java:761)
	at org.eclipse.jgit.util.FS$FileStoreAttributes.lambda$4(FS.java:433)
	at java.base/java.util.concurrent.ThreadPoolExecutor.runWorker(ThreadPoolExecutor.java:1144)
	at java.base/java.util.concurrent.ThreadPoolExecutor$Worker.run(ThreadPoolExecutor.java:642)
	at java.base/java.lang.Thread.run(Thread.java:1583)
2026-02-07 17:04:31,230 [Worker-1: Loading available Gradle versions] INFO  o.e.b.c.i.u.g.PublishedGradleVersions - Gradle version information cache is out-of-date. Trying to update.
2026-02-07 17:04:35,763 [JGit-FileStoreAttributeWriter-1] ERROR o.e.j.i.storage.file.LockFile - Creating lock file /Users/akhmedi/.config/jgit/config.lock failed
java.io.IOException: Creating directories for /Users/akhmedi/.config/jgit failed
	at org.eclipse.jgit.util.FileUtils.mkdirs(FileUtils.java:421)
	at org.eclipse.jgit.internal.storage.file.LockFile.createLockFile(LockFile.java:172)
	at org.eclipse.jgit.internal.storage.file.LockFile.createLockFileWithRetry(LockFile.java:165)
	at org.eclipse.jgit.internal.storage.file.LockFile.lock(LockFile.java:146)
	at org.eclipse.jgit.storage.file.FileBasedConfig.save(FileBasedConfig.java:201)
	at org.eclipse.jgit.util.FS$FileStoreAttributes.saveToConfig(FS.java:761)
	at org.eclipse.jgit.util.FS$FileStoreAttributes.lambda$4(FS.java:433)
	at java.base/java.util.concurrent.ThreadPoolExecutor.runWorker(ThreadPoolExecutor.java:1144)
	at java.base/java.util.concurrent.ThreadPoolExecutor$Worker.run(ThreadPoolExecutor.java:642)
	at java.base/java.lang.Thread.run(Thread.java:1583)
2026-02-07 17:04:35,769 [JGit-FileStoreAttributeWriter-1] ERROR org.eclipse.jgit.util.FS - Cannot save config file 'FileBasedConfig[/Users/akhmedi/.config/jgit/config]'
java.io.IOException: Creating directories for /Users/akhmedi/.config/jgit failed
	at org.eclipse.jgit.util.FileUtils.mkdirs(FileUtils.java:421)
	at org.eclipse.jgit.internal.storage.file.LockFile.createLockFile(LockFile.java:172)
	at org.eclipse.jgit.internal.storage.file.LockFile.createLockFileWithRetry(LockFile.java:165)
	at org.eclipse.jgit.internal.storage.file.LockFile.lock(LockFile.java:146)
	at org.eclipse.jgit.storage.file.FileBasedConfig.save(FileBasedConfig.java:201)
	at org.eclipse.jgit.util.FS$FileStoreAttributes.saveToConfig(FS.java:761)
	at org.eclipse.jgit.util.FS$FileStoreAttributes.lambda$4(FS.java:433)
	at java.base/java.util.concurrent.ThreadPoolExecutor.runWorker(ThreadPoolExecutor.java:1144)
	at java.base/java.util.concurrent.ThreadPoolExecutor$Worker.run(ThreadPoolExecutor.java:642)
	at java.base/java.lang.Thread.run(Thread.java:1583)
2026-02-14 15:00:14,515 [Worker-4: Loading available Gradle versions] INFO  o.e.b.c.i.u.g.PublishedGradleVersions - Gradle version information cache is out-of-date. Trying to update.
2026-02-14 15:00:18,768 [JGit-FileStoreAttributeWriter-1] ERROR o.e.j.i.storage.file.LockFile - Creating lock file /Users/akhmedi/.config/jgit/config.lock failed
java.io.IOException: Creating directories for /Users/akhmedi/.config/jgit failed
	at org.eclipse.jgit.util.FileUtils.mkdirs(FileUtils.java:421)
	at org.eclipse.jgit.internal.storage.file.LockFile.createLockFile(LockFile.java:172)
	at org.eclipse.jgit.internal.storage.file.LockFile.createLockFileWithRetry(LockFile.java:165)
	at org.eclipse.jgit.internal.storage.file.LockFile.lock(LockFile.java:146)
	at org.eclipse.jgit.storage.file.FileBasedConfig.save(FileBasedConfig.java:201)
	at org.eclipse.jgit.util.FS$FileStoreAttributes.saveToConfig(FS.java:761)
	at org.eclipse.jgit.util.FS$FileStoreAttributes.lambda$4(FS.java:433)
	at java.base/java.util.concurrent.ThreadPoolExecutor.runWorker(ThreadPoolExecutor.java:1144)
	at java.base/java.util.concurrent.ThreadPoolExecutor$Worker.run(ThreadPoolExecutor.java:642)
	at java.base/java.lang.Thread.run(Thread.java:1583)
2026-02-14 15:00:18,772 [JGit-FileStoreAttributeWriter-1] ERROR org.eclipse.jgit.util.FS - Cannot save config file 'FileBasedConfig[/Users/akhmedi/.config/jgit/config]'
java.io.IOException: Creating directories for /Users/akhmedi/.config/jgit failed
	at org.eclipse.jgit.util.FileUtils.mkdirs(FileUtils.java:421)
	at org.eclipse.jgit.internal.storage.file.LockFile.createLockFile(LockFile.java:172)
	at org.eclipse.jgit.internal.storage.file.LockFile.createLockFileWithRetry(LockFile.java:165)
	at org.eclipse.jgit.internal.storage.file.LockFile.lock(LockFile.java:146)
	at org.eclipse.jgit.storage.file.FileBasedConfig.save(FileBasedConfig.java:201)
	at org.eclipse.jgit.util.FS$FileStoreAttributes.saveToConfig(FS.java:761)
	at org.eclipse.jgit.util.FS$FileStoreAttributes.lambda$4(FS.java:433)
	at java.base/java.util.concurrent.ThreadPoolExecutor.runWorker(ThreadPoolExecutor.java:1144)
	at java.base/java.util.concurrent.ThreadPoolExecutor$Worker.run(ThreadPoolExecutor.java:642)
	at java.base/java.lang.Thread.run(Thread.java:1583)
2026-02-28 13:50:05,905 [Worker-8: Loading available Gradle versions] INFO  o.e.b.c.i.u.g.PublishedGradleVersions - Gradle version information cache is out-of-date. Trying to update.
2026-02-28 13:50:10,382 [JGit-FileStoreAttributeWriter-1] ERROR o.e.j.i.storage.file.LockFile - Creating lock file /Users/akhmedi/.config/jgit/config.lock failed
java.io.IOException: Creating directories for /Users/akhmedi/.config/jgit failed
	at org.eclipse.jgit.util.FileUtils.mkdirs(FileUtils.java:421)
	at org.eclipse.jgit.internal.storage.file.LockFile.createLockFile(LockFile.java:172)
	at org.eclipse.jgit.internal.storage.file.LockFile.createLockFileWithRetry(LockFile.java:165)
	at org.eclipse.jgit.internal.storage.file.LockFile.lock(LockFile.java:146)
	at org.eclipse.jgit.storage.file.FileBasedConfig.save(FileBasedConfig.java:201)
	at org.eclipse.jgit.util.FS$FileStoreAttributes.saveToConfig(FS.java:761)
	at org.eclipse.jgit.util.FS$FileStoreAttributes.lambda$4(FS.java:433)
	at java.base/java.util.concurrent.ThreadPoolExecutor.runWorker(ThreadPoolExecutor.java:1144)
	at java.base/java.util.concurrent.ThreadPoolExecutor$Worker.run(ThreadPoolExecutor.java:642)
	at java.base/java.lang.Thread.run(Thread.java:1583)
2026-02-28 13:50:10,385 [JGit-FileStoreAttributeWriter-1] ERROR org.eclipse.jgit.util.FS - Cannot save config file 'FileBasedConfig[/Users/akhmedi/.config/jgit/config]'
java.io.IOException: Creating directories for /Users/akhmedi/.config/jgit failed
	at org.eclipse.jgit.util.FileUtils.mkdirs(FileUtils.java:421)
	at org.eclipse.jgit.internal.storage.file.LockFile.createLockFile(LockFile.java:172)
	at org.eclipse.jgit.internal.storage.file.LockFile.createLockFileWithRetry(LockFile.java:165)
	at org.eclipse.jgit.internal.storage.file.LockFile.lock(LockFile.java:146)
	at org.eclipse.jgit.storage.file.FileBasedConfig.save(FileBasedConfig.java:201)
	at org.eclipse.jgit.util.FS$FileStoreAttributes.saveToConfig(FS.java:761)
	at org.eclipse.jgit.util.FS$FileStoreAttributes.lambda$4(FS.java:433)
	at java.base/java.util.concurrent.ThreadPoolExecutor.runWorker(ThreadPoolExecutor.java:1144)
	at java.base/java.util.concurrent.ThreadPoolExecutor$Worker.run(ThreadPoolExecutor.java:642)
	at java.base/java.lang.Thread.run(Thread.java:1583)
